This is pdfTeX, Version 3.141592653-2.6-1.40.23 (TeX Live 2021/Arch Linux) (preloaded format=pdflatex 2022.2.16)  23 FEB 2022 04:45
entering extended mode
 restricted \write18 enabled.
 %&-line parsing enabled.
**6transperf.tex
(./6transperf.tex
LaTeX2e <2021-11-15> patch level 1
L3 programming layer <2021-11-22>
(/usr/share/texmf-dist/tex/latex/base/article.cls
Document Class: article 2021/10/04 v1.4n Standard LaTeX document class
(/usr/share/texmf-dist/tex/latex/base/size10.clo
File: size10.clo 2021/10/04 v1.4n Standard LaTeX file (size option)
)
\c@part=\count183
\c@section=\count184
\c@subsection=\count185
\c@subsubsection=\count186
\c@paragraph=\count187
\c@subparagraph=\count188
\c@figure=\count189
\c@table=\count190
\abovecaptionskip=\skip47
\belowcaptionskip=\skip48
\bibindent=\dimen138
)
(/usr/share/texmf-dist/tex/latex/base/inputenc.sty
Package: inputenc 2021/02/14 v1.3d Input encoding file
\inpenc@prehook=\toks16
\inpenc@posthook=\toks17
)
(/usr/share/texmf-dist/tex/latex/listings/listings.sty
(/usr/share/texmf-dist/tex/latex/graphics/keyval.sty
Package: keyval 2014/10/28 v1.15 key=value parser (DPC)
\KV@toks@=\toks18
)
\lst@mode=\count191
\lst@gtempboxa=\box50
\lst@token=\toks19
\lst@length=\count192
\lst@currlwidth=\dimen139
\lst@column=\count193
\lst@pos=\count194
\lst@lostspace=\dimen140
\lst@width=\dimen141
\lst@newlines=\count195
\lst@lineno=\count196
\lst@maxwidth=\dimen142

(/usr/share/texmf-dist/tex/latex/listings/lstmisc.sty
File: lstmisc.sty 2020/03/24 1.8d (Carsten Heinz)
\c@lstnumber=\count197
\lst@skipnumbers=\count198
\lst@framebox=\box51
)
(/usr/share/texmf-dist/tex/latex/listings/listings.cfg
File: listings.cfg 2020/03/24 1.8d listings configuration
))
Package: listings 2020/03/24 1.8d (Carsten Heinz)

(/usr/share/texmf-dist/tex/latex/amsmath/amsmath.sty
Package: amsmath 2021/10/15 v2.17l AMS math features
\@mathmargin=\skip49

For additional information on amsmath, use the `?' option.
(/usr/share/texmf-dist/tex/latex/amsmath/amstext.sty
Package: amstext 2021/08/26 v2.01 AMS text

(/usr/share/texmf-dist/tex/latex/amsmath/amsgen.sty
File: amsgen.sty 1999/11/30 v2.0 generic functions
\@emptytoks=\toks20
\ex@=\dimen143
))
(/usr/share/texmf-dist/tex/latex/amsmath/amsbsy.sty
Package: amsbsy 1999/11/29 v1.2d Bold Symbols
\pmbraise@=\dimen144
)
(/usr/share/texmf-dist/tex/latex/amsmath/amsopn.sty
Package: amsopn 2021/08/26 v2.02 operator names
)
\inf@bad=\count199
LaTeX Info: Redefining \frac on input line 234.
\uproot@=\count266
\leftroot@=\count267
LaTeX Info: Redefining \overline on input line 399.
\classnum@=\count268
\DOTSCASE@=\count269
LaTeX Info: Redefining \ldots on input line 496.
LaTeX Info: Redefining \dots on input line 499.
LaTeX Info: Redefining \cdots on input line 620.
\Mathstrutbox@=\box52
\strutbox@=\box53
\big@size=\dimen145
LaTeX Font Info:    Redeclaring font encoding OML on input line 743.
LaTeX Font Info:    Redeclaring font encoding OMS on input line 744.
\macc@depth=\count270
\c@MaxMatrixCols=\count271
\dotsspace@=\muskip16
\c@parentequation=\count272
\dspbrk@lvl=\count273
\tag@help=\toks21
\row@=\count274
\column@=\count275
\maxfields@=\count276
\andhelp@=\toks22
\eqnshift@=\dimen146
\alignsep@=\dimen147
\tagshift@=\dimen148
\tagwidth@=\dimen149
\totwidth@=\dimen150
\lineht@=\dimen151
\@envbody=\toks23
\multlinegap=\skip50
\multlinetaggap=\skip51
\mathdisplay@stack=\toks24
LaTeX Info: Redefining \[ on input line 2938.
LaTeX Info: Redefining \] on input line 2939.
)
(/usr/share/texmf-dist/tex/latex/graphics/graphicx.sty
Package: graphicx 2021/09/16 v1.2d Enhanced LaTeX Graphics (DPC,SPQR)

(/usr/share/texmf-dist/tex/latex/graphics/graphics.sty
Package: graphics 2021/03/04 v1.4d Standard LaTeX Graphics (DPC,SPQR)

(/usr/share/texmf-dist/tex/latex/graphics/trig.sty
Package: trig 2021/08/11 v1.11 sin cos tan (DPC)
)
(/usr/share/texmf-dist/tex/latex/graphics-cfg/graphics.cfg
File: graphics.cfg 2016/06/04 v1.11 sample graphics configuration
)
Package graphics Info: Driver file: pdftex.def on input line 107.

(/usr/share/texmf-dist/tex/latex/graphics-def/pdftex.def
File: pdftex.def 2020/10/05 v1.2a Graphics/color driver for pdftex
))
\Gin@req@height=\dimen152
\Gin@req@width=\dimen153
)
(/usr/share/texmf-dist/tex/latex/l3backend/l3backend-pdftex.def
File: l3backend-pdftex.def 2021-12-14 L3 backend support: PDF output (pdfTeX)
\l__color_backend_stack_int=\count277
\l__pdf_internal_box=\box54
)

LaTeX Warning: Unused global option(s):
    [12p].

(./6transperf.aux)
\openout1 = `6transperf.aux'.

LaTeX Font Info:    Checking defaults for OML/cmm/m/it on input line 9.
LaTeX Font Info:    ... okay on input line 9.
LaTeX Font Info:    Checking defaults for OMS/cmsy/m/n on input line 9.
LaTeX Font Info:    ... okay on input line 9.
LaTeX Font Info:    Checking defaults for OT1/cmr/m/n on input line 9.
LaTeX Font Info:    ... okay on input line 9.
LaTeX Font Info:    Checking defaults for T1/cmr/m/n on input line 9.
LaTeX Font Info:    ... okay on input line 9.
LaTeX Font Info:    Checking defaults for TS1/cmr/m/n on input line 9.
LaTeX Font Info:    ... okay on input line 9.
LaTeX Font Info:    Checking defaults for OMX/cmex/m/n on input line 9.
LaTeX Font Info:    ... okay on input line 9.
LaTeX Font Info:    Checking defaults for U/cmr/m/n on input line 9.
LaTeX Font Info:    ... okay on input line 9.
\c@lstlisting=\count278
 (/usr/share/texmf-dist/tex/context/base/mkii/supp-pdf.mkii
[Loading MPS to PDF converter (version 2006.09.02).]
\scratchcounter=\count279
\scratchdimen=\dimen154
\scratchbox=\box55
\nofMPsegments=\count280
\nofMParguments=\count281
\everyMPshowfont=\toks25
\MPscratchCnt=\count282
\MPscratchDim=\dimen155
\MPnumerator=\count283
\makeMPintoPDFobject=\count284
\everyMPtoPDFconversion=\toks26
) (/usr/share/texmf-dist/tex/latex/epstopdf-pkg/epstopdf-base.sty
Package: epstopdf-base 2020-01-24 v2.11 Base part for package epstopdf
Package epstopdf-base Info: Redefining graphics rule for `.eps' on input line 4
85.

(/usr/share/texmf-dist/tex/latex/latexconfig/epstopdf-sys.cfg
File: epstopdf-sys.cfg 2010/07/13 v1.3 Configuration of (r)epstopdf for TeX Liv
e
))
<dpdk.jpg, id=1, 291.0072pt x 190.7928pt>
File: dpdk.jpg Graphic file (type jpg)
<use dpdk.jpg>
Package pdftex.def Info: dpdk.jpg  used on input line 26.
(pdftex.def)             Requested size: 345.0pt x 226.19614pt.


LaTeX Warning: `h' float specifier changed to `ht'.

[1

{/var/lib/texmf/fonts/map/pdftex/updmap/pdftex.map}]
<pcie.jpg, id=11, 300.6432pt x 177.3024pt>
File: pcie.jpg Graphic file (type jpg)
<use pcie.jpg>
Package pdftex.def Info: pcie.jpg  used on input line 35.
(pdftex.def)             Requested size: 345.0pt x 203.47139pt.
 [2 <./dpdk.jpg> <./pcie.jpg>]
<pcieconfig.jpg, id=15, 328.1058pt x 303.0522pt>
File: pcieconfig.jpg Graphic file (type jpg)
<use pcieconfig.jpg>
Package pdftex.def Info: pcieconfig.jpg  used on input line 41.
(pdftex.def)             Requested size: 345.0pt x 318.66273pt.

Overfull \hbox (15.0pt too wide) in paragraph at lines 41--42
[][] 
 []

<connector.jpg, id=16, 228.855pt x 262.0992pt>
File: connector.jpg Graphic file (type jpg)
<use connector.jpg>
Package pdftex.def Info: connector.jpg  used on input line 45.
(pdftex.def)             Requested size: 345.0pt x 395.13145pt.

Overfull \hbox (15.0pt too wide) in paragraph at lines 45--46
[][] 
 []

[3 <./pcieconfig.jpg>]
<dpdkstack.jpg, id=20, 359.9046pt x 199.4652pt>
File: dpdkstack.jpg Graphic file (type jpg)
<use dpdkstack.jpg>
Package pdftex.def Info: dpdkstack.jpg  used on input line 49.
(pdftex.def)             Requested size: 345.0pt x 191.21962pt.

Overfull \hbox (15.0pt too wide) in paragraph at lines 49--50
[][] 
 []

[4 <./connector.jpg>]
<dslitehighlevel.jpg, id=24, 482.2818pt x 220.6644pt>
File: dslitehighlevel.jpg Graphic file (type jpg)
<use dslitehighlevel.jpg>
Package pdftex.def Info: dslitehighlevel.jpg  used on input line 66.
(pdftex.def)             Requested size: 345.0pt x 157.86137pt.

Overfull \hbox (15.0pt too wide) in paragraph at lines 66--67
[][] 
 []

[5 <./dpdkstack.jpg>] [6 <./dslitehighlevel.jpg>]
Overfull \hbox (15.65807pt too wide) in paragraph at lines 95--96
\OT1/cmr/m/n/10 RFC8219 re-quires bidi-rec-tional traf-fic to be ran dur-ing al
l mea-sure-ments. 6transperf
 []

[7] [8]
Overfull \hbox (6.5284pt too wide) in paragraph at lines 144--145
\OT1/cmr/m/n/10 This test is se-lected by pro-vid-ing the (--lat) com-mand line
 pa-ram-e-ter to 6transperf.
 []

[9]
Overfull \hbox (9.25064pt too wide) in paragraph at lines 157--158
\OT1/cmr/m/n/10 The test is se-lected by pro-vid-ing the (--pdv) com-mand line 
pa-ram-e-ter to 6transperf.
 []

[10]
LaTeX Font Info:    Trying to load font information for OMS+cmr on input line 2
16.
 (/usr/share/texmf-dist/tex/latex/base/omscmr.fd
File: omscmr.fd 2019/12/16 v2.5j Standard LaTeX font definitions
)
LaTeX Font Info:    Font shape `OMS/cmr/m/n' in size <5> not available
(Font)              Font shape `OMS/cmsy/m/n' tried instead on input line 216.
LaTeX Font Info:    Trying to load font information for OML+cmr on input line 2
17.

(/usr/share/texmf-dist/tex/latex/base/omlcmr.fd
File: omlcmr.fd 2019/12/16 v2.5j Standard LaTeX font definitions
)
LaTeX Font Info:    Font shape `OML/cmr/m/n' in size <5> not available
(Font)              Font shape `OML/cmm/m/it' tried instead on input line 217.
<testsetup.jpg, id=48, 483.2454pt x 253.9086pt>
File: testsetup.jpg Graphic file (type jpg)
<use testsetup.jpg>
Package pdftex.def Info: testsetup.jpg  used on input line 231.
(pdftex.def)             Requested size: 345.0pt x 181.27982pt.

Overfull \hbox (15.0pt too wide) in paragraph at lines 231--232
[][] 
 []

[11] [12 <./testsetup.jpg>]
Overfull \hbox (128.6767pt too wide) in paragraph at lines 245--247
[][][][][][][][][][][][][][][][][][][][][][][][][][] 
 []


Overfull \hbox (100.09276pt too wide) in paragraph at lines 247--249
[][][][][][][][][][][][][][][][][][][][][][][][][][][][][][][][][] 
 []


Overfull \hbox (332.84769pt too wide) in paragraph at lines 249--251
[][][][][][][][][][][][][][][][][][][][][][][][][][][][][][][][][][][][][][][][
][][][][][][][][][] 
 []


Overfull \hbox (377.7653pt too wide) in paragraph at lines 251--253
[][][][][][][][][][][][][][][][][][][][][][][][][][][][][][][][][][][][][][][][
][][][][][][][][][][][][][][][][][] 
 []


Overfull \hbox (283.84665pt too wide) in paragraph at lines 253--255
[][][][][][][][][][][][][][][][][][][][][][][][][][][][][][][][][][][][][][][] 

 []


Overfull \hbox (230.76219pt too wide) in paragraph at lines 255--257
[][][][][][][][][][][][][][][][][][][][][][][][][][][][][][][][][][][][][][][][
][][][][][][][] 
 []


Overfull \hbox (283.84665pt too wide) in paragraph at lines 257--259
[][][][][][][][][][][][][][][][][][][][][][][][][][][][][][][][][][][][][][][][
][][][][][][][] 
 []


Overfull \hbox (332.84769pt too wide) in paragraph at lines 259--261
[][][][][][][][][][][][][][][][][][][][][][][][][][][][][][][][][][][][][][][][
][][][][][][][][][][][][] 
 []


Overfull \hbox (345.09793pt too wide) in paragraph at lines 261--263
[][][][][][][][][][][][][][][][][][][][][][][][][][][][][][][][][][][][][][][][
][][][][][][][][][][][][][][][][][][][][] 
 []


Overfull \hbox (104.17616pt too wide) in paragraph at lines 263--265
[][][][][][][][][][][][][][][][][][][][][][][][][][][][][][][][][][][][][][][][
][] 
 []


Overfull \hbox (128.67668pt too wide) in paragraph at lines 265--266
[][][][][][][][][][][][][][][][][][][][][][][][][][][][][][][][][][][][][][] 
 []

<minimal.jpg, id=59, 483.2454pt x 244.7544pt>
File: minimal.jpg Graphic file (type jpg)
<use minimal.jpg>
Package pdftex.def Info: minimal.jpg  used on input line 272.
(pdftex.def)             Requested size: 345.0pt x 174.7441pt.

Overfull \hbox (15.0pt too wide) in paragraph at lines 272--273
[][] 
 []

[13 <./minimal.jpg>]
LaTeX Font Info:    Font shape `OMS/cmr/m/n' in size <10> not available
(Font)              Font shape `OMS/cmsy/m/n' tried instead on input line 281.

Overfull \hbox (309.00665pt too wide) in paragraph at lines 289--290
[][][][][][][][][][][][][][][][][][][][][][][][][][][][][][][][][] 
 []


Overfull \hbox (45.00397pt too wide) in paragraph at lines 334--335
[][][][][][][][][][][][][][][][][][][][][][][][][][] 
 []

[14]
<classdiagram.jpg, id=67, 390.7398pt x 375.3222pt>
File: classdiagram.jpg Graphic file (type jpg)
<use classdiagram.jpg>
Package pdftex.def Info: classdiagram.jpg  used on input line 368.
(pdftex.def)             Requested size: 345.0pt x 331.40132pt.

Overfull \hbox (15.0pt too wide) in paragraph at lines 368--369
[][] 
 []

[15]
LaTeX Font Info:    Font shape `OML/cmr/m/n' in size <10> not available
(Font)              Font shape `OML/cmm/m/it' tried instead on input line 376.

Overfull \hbox (75.00427pt too wide) in paragraph at lines 391--392
[][][][][][][][][][][][][][][][][][][][][][][][][][][][] 
 []

[16 <./classdiagram.jpg>]
Overfull \hbox (147.005pt too wide) in paragraph at lines 395--396
[][][][][][][][][][][][][][][][][][][][][][][] 
 []


Overfull \hbox (69.00421pt too wide) in paragraph at lines 396--397
[][][][][][][][][][][][][][][][][][] 
 []


Overfull \hbox (291.00647pt too wide) in paragraph at lines 397--398
[][][][][][][][][][][][][][][][][][][][][][][][][][][][] 
 []


Overfull \hbox (285.00641pt too wide) in paragraph at lines 398--399
[][][][][][][][][][][][][][][][][][][][][][][][][][][][] 
 []


Overfull \hbox (303.00659pt too wide) in paragraph at lines 399--400
[][][][][][][][][][][][][][][][][][][][][][][][][][][][] 
 []


Overfull \hbox (177.00531pt too wide) in paragraph at lines 400--401
[][][][][][][][][][][][][][][][][][][][][][] 
 []


Overfull \hbox (105.00458pt too wide) in paragraph at lines 426--427
[][][][][][][][][][][][][][][][][][][][] 
 []

[17] [18]
Overfull \hbox (51.00403pt too wide) in paragraph at lines 476--477
[][][][][][][][][][][][][] 
 []


Overfull \hbox (21.00372pt too wide) in paragraph at lines 497--498
[][][][][][][][][][][][][][][][][] 
 []


Overfull \hbox (159.00513pt too wide) in paragraph at lines 500--501
[][][][][][][][][][][][][][][][][][][][] 
 []

[19]
Overfull \hbox (51.88297pt too wide) in paragraph at lines 529--530
[]\OT1/cmr/m/n/10 A very im-por-tant part of the ini-tial-iza-tion pro-ce-dure 
is the call to rte[]eth[]dev[]configure(),
 []


Overfull \hbox (195.0055pt too wide) in paragraph at lines 540--541
[][][][][][][][][][][][][][][][][][][][][][] 
 []


Overfull \hbox (201.00555pt too wide) in paragraph at lines 562--563
[][][][][][][][][][][][][][][][][][][][][] 
 []


Overfull \hbox (111.00464pt too wide) in paragraph at lines 564--565
[][][][][][][][][][][][][][][][] 
 []


Overfull \hbox (10.72281pt too wide) in paragraph at lines 568--569
[]\OT1/cmr/m/n/10 The runtest() method is the func-tion that is of the high-est
 in-ter-est in 6transperf,
 []

[20]
Overfull \hbox (51.00403pt too wide) in paragraph at lines 579--580
[][][][][][][][][][][][][][][][][][][][] 
 []


Overfull \hbox (117.0047pt too wide) in paragraph at lines 601--602
[][][][][][][][][][][][][][][][][][][][][][][][][][][][][][][][][] 
 []


Overfull \hbox (9.0036pt too wide) in paragraph at lines 602--603
[][][][][][][][][][][][][][][][][][][][][][] 
 []


Overfull \hbox (81.00433pt too wide) in paragraph at lines 603--604
[][][][][][][][][][][][][][][][][][][][][][][][][][][][][][] 
 []


Overfull \hbox (129.00482pt too wide) in paragraph at lines 609--610
[][][][][][][][][][][][][][][][][][][][][][][][][][][][] 
 []


Overfull \hbox (75.00427pt too wide) in paragraph at lines 610--611
[][][][][][][][][][][][][][][][][][][][][][][][][][][][][] 
 []


Overfull \hbox (32.5784pt too wide) in paragraph at lines 615--616
[]\OT1/cmr/m/n/10 The first thing we no-tice be-fore the start of each loop is 
the portX[]lcore[]\OMS/cmsy/m/n/10 f\OT1/cmr/m/n/10 rx,tx\OMS/cmsy/m/n/10 g[]\O
T1/cmr/m/n/10 mask
 []

[21]
Overfull \hbox (51.00403pt too wide) in paragraph at lines 623--624
[][][][][][][][][][][][][] 
 []


Overfull \hbox (63.00415pt too wide) in paragraph at lines 644--645
[][][][][][][][][][][] 
 []


Overfull \hbox (27.00378pt too wide) in paragraph at lines 645--646
[][][][][][][][][][][] 
 []


Overfull \hbox (177.00531pt too wide) in paragraph at lines 646--647
[][][][][][][][][][][][] 
 []


Overfull \hbox (99.00452pt too wide) in paragraph at lines 658--659
[][][][][][][][][][][][][][][][][][][][][] 
 []

[22]
Overfull \hbox (165.00519pt too wide) in paragraph at lines 660--661
[][][][][][][][][][][][][][][][][][][][][][][][][][][][][][] 
 []


Overfull \hbox (63.00415pt too wide) in paragraph at lines 663--664
[][][][][][][][][][][] 
 []


Overfull \hbox (321.00677pt too wide) in paragraph at lines 681--682
[][][][][][][][][][][][][][][][][][][] 
 []

[23]
Overfull \hbox (513.00873pt too wide) in paragraph at lines 709--710
[][][][][][][][][][][][][][][][][][][][][][][][][][][][][][][][][][][][][][][] 

 []

<6transperfarchitecture.jpg, id=96, 483.7272pt x 326.6604pt>
File: 6transperfarchitecture.jpg Graphic file (type jpg)
<use 6transperfarchitecture.jpg>
Package pdftex.def Info: 6transperfarchitecture.jpg  used on input line 721.
(pdftex.def)             Requested size: 345.0pt x 232.97722pt.

Overfull \hbox (15.0pt too wide) in paragraph at lines 721--722
[][] 
 []


Overfull \hbox (9.0036pt too wide) in paragraph at lines 730--731
[][][][][][][][][][][] 
 []

[24 <./6transperfarchitecture.jpg>]
Overfull \hbox (3.00354pt too wide) in paragraph at lines 731--732
[][][][][][][][][][][] 
 []


Overfull \hbox (99.00452pt too wide) in paragraph at lines 736--737
[][][][][][][][][][][][][] 
 []

<results.jpg, id=100, 560.0925pt x 158.09062pt>
File: results.jpg Graphic file (type jpg)
<use results.jpg>
Package pdftex.def Info: results.jpg  used on input line 764.
(pdftex.def)             Requested size: 345.0pt x 97.38315pt.

Overfull \hbox (15.0pt too wide) in paragraph at lines 764--765
[][] 
 []

[25 <./results.jpg>] [26] (./6transperf.aux) ) 
Here is how much of TeX's memory you used:
 3815 strings out of 478353
 55490 string characters out of 5854635
 403952 words of memory out of 5000000
 21937 multiletter control sequences out of 15000+600000
 409487 words of font info for 48 fonts, out of 8000000 for 9000
 1141 hyphenation exceptions out of 8191
 55i,6n,62p,1988b,1521s stack positions out of 5000i,500n,10000p,200000b,80000s
{/usr/share/texmf-dist/fonts/enc/
dvips/cm-super/cm-super-ts1.enc}</usr/share/texmf-dist/fonts/type1/public/amsfo
nts/cm/cmbx10.pfb></usr/share/texmf-dist/fonts/type1/public/amsfonts/cm/cmbx12.
pfb></usr/share/texmf-dist/fonts/type1/public/amsfonts/cm/cmmi10.pfb></usr/shar
e/texmf-dist/fonts/type1/public/amsfonts/cm/cmmi5.pfb></usr/share/texmf-dist/fo
nts/type1/public/amsfonts/cm/cmr10.pfb></usr/share/texmf-dist/fonts/type1/publi
c/amsfonts/cm/cmr12.pfb></usr/share/texmf-dist/fonts/type1/public/amsfonts/cm/c
mr17.pfb></usr/share/texmf-dist/fonts/type1/public/amsfonts/cm/cmr5.pfb></usr/s
hare/texmf-dist/fonts/type1/public/amsfonts/cm/cmsy10.pfb></usr/share/texmf-dis
t/fonts/type1/public/amsfonts/cm/cmsy5.pfb></usr/share/texmf-dist/fonts/type1/p
ublic/cm-super/sfrm0500.pfb></usr/share/texmf-dist/fonts/type1/public/cm-super/
sfrm1000.pfb>
Output written on 6transperf.pdf (26 pages, 763622 bytes).
PDF statistics:
 160 PDF objects out of 1000 (max. 8388607)
 96 compressed objects within 1 object stream
 0 named destinations out of 1000 (max. 500000)
 56 words of extra memory for PDF output out of 10000 (max. 10000000)

